<?xml version="1.0" encoding="UTF-8"?>
<!-- Generated by org.testng.reporters.JUnitReportReporter -->
<testsuite hostname="DESKTOP-31C5BKQ" failures="0" tests="1" name="com.api.tests.TestCreateBooking" time="3.417" errors="0" timestamp="2024-08-21T22:49:36 IST" skipped="0">
  <testcase classname="com.api.tests.TestCreateBooking" name="Test_Create_Booking_API" time="3.417"/>
</testsuite> <!-- com.api.tests.TestCreateBooking -->
