<?xml version="1.0" encoding="UTF-8"?>
<!-- Generated by org.testng.reporters.JUnitReportReporter -->
<testsuite hostname="DESKTOP-31C5BKQ" failures="0" tests="1" name="com.api.tests.TestCreateToken" time="4.452" errors="0" timestamp="2024-08-21T22:49:36 IST" skipped="0">
  <testcase classname="com.api.tests.TestCreateToken" name="test_create_token_API" time="4.452"/>
</testsuite> <!-- com.api.tests.TestCreateToken -->
