<?xml version="1.0" encoding="UTF-8"?>
<!-- Generated by org.testng.reporters.JUnitReportReporter -->
<testsuite hostname="DESKTOP-31C5BKQ" failures="0" tests="1" name="com.api.tests.CreateTokenTest" time="4.428" errors="0" timestamp="2024-08-17T12:16:11 IST" skipped="0">
  <testcase classname="com.api.tests.CreateTokenTest" name="test_create_token_API" time="4.428"/>
</testsuite> <!-- com.api.tests.CreateTokenTest -->
