<?xml version="1.0" encoding="UTF-8"?>
<!-- Generated by org.testng.reporters.JUnitReportReporter -->
<testsuite hostname="DESKTOP-31C5BKQ" failures="0" tests="1" name="com.api.tests.TestCreateBooking" time="5.617" errors="0" timestamp="2024-08-22T13:46:19 IST" skipped="0">
  <testcase classname="com.api.tests.TestCreateBooking" name="Test_Create_Booking_API" time="5.617"/>
</testsuite> <!-- com.api.tests.TestCreateBooking -->
